<?xml version="1.0" encoding="UTF-8"?>
<!-- Generated by org.testng.reporters.JUnitReportReporter -->
<testsuite hostname="IBSNOINB10241" failures="0" tests="1" name="classOne" time="0.008" errors="0" timestamp="2021-08-06T15:30:00 IST" skipped="0">
  <testcase classname="classOne" name="first" time="0.008"/>
  <system-out/>
</testsuite> <!-- classOne -->
