<?xml version="1.0" encoding="UTF-8"?>
<!-- Generated by org.testng.reporters.JUnitReportReporter -->
<testsuite hostname="IBSNOINB10241" failures="0" tests="2" name="classOne" time="0.008" errors="0" timestamp="2021-08-06T15:55:28 IST" skipped="0">
  <testcase classname="classOne" name="second" time="0.001"/>
  <system-out/>
  <testcase classname="classOne" name="first" time="0.007"/>
  <system-out/>
</testsuite> <!-- classOne -->
